0 info it worked if it ends with ok
1 verbose cli [ '/home/ubuntu/.nvm/versions/node/v6.11.2/bin/node',
1 verbose cli   '/home/ubuntu/.nvm/versions/node/v6.11.2/bin/npm',
1 verbose cli   'install' ]
2 info using npm@3.10.10
3 info using node@v6.11.2
4 silly loadCurrentTree Starting
5 silly install loadCurrentTree
6 silly install readLocalPackageData
7 silly install normalizeTree
8 silly loadCurrentTree Finishing
9 silly loadIdealTree Starting
10 silly install loadIdealTree
11 silly cloneCurrentTree Starting
12 silly install cloneCurrentTreeToIdealTree
13 silly cloneCurrentTree Finishing
14 silly loadShrinkwrap Starting
15 silly install loadShrinkwrap
16 silly loadShrinkwrap Finishing
17 silly loadAllDepsIntoIdealTree Starting
18 silly install loadAllDepsIntoIdealTree
19 silly fetchNamedPackageData font-awesome
20 silly mapToRegistry name font-awesome
21 silly mapToRegistry using default registry
22 silly mapToRegistry registry https://registry.npmjs.org/
23 silly mapToRegistry data Result {
23 silly mapToRegistry   raw: 'font-awesome',
23 silly mapToRegistry   scope: null,
23 silly mapToRegistry   escapedName: 'font-awesome',
23 silly mapToRegistry   name: 'font-awesome',
23 silly mapToRegistry   rawSpec: '',
23 silly mapToRegistry   spec: 'latest',
23 silly mapToRegistry   type: 'tag' }
24 silly mapToRegistry uri https://registry.npmjs.org/font-awesome
25 verbose request uri https://registry.npmjs.org/font-awesome
26 verbose request no auth needed
27 info attempt registry request try #1 at 10:05:17 AM
28 verbose request id 939a9464601814ac
29 verbose etag "5a9420fa-5a54"
30 verbose lastModified Mon, 26 Feb 2018 15:00:10 GMT
31 http request GET https://registry.npmjs.org/font-awesome
32 http 304 https://registry.npmjs.org/font-awesome
33 verbose headers { date: 'Tue, 27 Feb 2018 10:05:17 GMT',
33 verbose headers   via: '1.1 varnish',
33 verbose headers   'cache-control': 'max-age=300',
33 verbose headers   etag: '"5a9420fa-5a54"',
33 verbose headers   age: '10665',
33 verbose headers   connection: 'keep-alive',
33 verbose headers   'x-served-by': 'cache-cdg8723-CDG',
33 verbose headers   'x-cache': 'HIT',
33 verbose headers   'x-cache-hits': '35',
33 verbose headers   'x-timer': 'S1519725918.690578,VS0,VE0',
33 verbose headers   vary: 'Accept-Encoding, Accept' }
34 silly get cb [ 304,
34 silly get   { date: 'Tue, 27 Feb 2018 10:05:17 GMT',
34 silly get     via: '1.1 varnish',
34 silly get     'cache-control': 'max-age=300',
34 silly get     etag: '"5a9420fa-5a54"',
34 silly get     age: '10665',
34 silly get     connection: 'keep-alive',
34 silly get     'x-served-by': 'cache-cdg8723-CDG',
34 silly get     'x-cache': 'HIT',
34 silly get     'x-cache-hits': '35',
34 silly get     'x-timer': 'S1519725918.690578,VS0,VE0',
34 silly get     vary: 'Accept-Encoding, Accept' } ]
35 verbose etag https://registry.npmjs.org/font-awesome from cache
36 verbose get saving font-awesome to /home/ubuntu/.npm/registry.npmjs.org/font-awesome/.cache.json
37 verbose correctMkdir /home/ubuntu/.npm correctMkdir not in flight; initializing
38 silly fetchNamedPackageData No valid target from cache, forcing network
39 verbose request uri https://registry.npmjs.org/font-awesome
40 verbose request no auth needed
41 info attempt registry request try #1 at 10:05:17 AM
42 http request GET https://registry.npmjs.org/font-awesome
43 http 200 https://registry.npmjs.org/font-awesome
44 verbose headers { 'content-type': 'application/json; charset=UTF-8',
44 verbose headers   server: 'UploadServer',
44 verbose headers   'cache-control': 'max-age=300',
44 verbose headers   'last-modified': 'Mon, 26 Feb 2018 15:00:10 GMT',
44 verbose headers   etag: '"5a9420fa-5a54"',
44 verbose headers   'x-npm-region': 'EU-West',
44 verbose headers   'content-encoding': 'gzip',
44 verbose headers   'content-length': '5022',
44 verbose headers   'accept-ranges': 'bytes',
44 verbose headers   date: 'Tue, 27 Feb 2018 10:05:17 GMT',
44 verbose headers   via: '1.1 varnish',
44 verbose headers   age: '10665',
44 verbose headers   connection: 'keep-alive',
44 verbose headers   'x-served-by': 'cache-cdg8723-CDG',
44 verbose headers   'x-cache': 'HIT',
44 verbose headers   'x-cache-hits': '36',
44 verbose headers   'x-timer': 'S1519725918.727379,VS0,VE0',
44 verbose headers   vary: 'Accept-Encoding, Accept' }
45 silly get cb [ 200,
45 silly get   { 'content-type': 'application/json; charset=UTF-8',
45 silly get     server: 'UploadServer',
45 silly get     'cache-control': 'max-age=300',
45 silly get     'last-modified': 'Mon, 26 Feb 2018 15:00:10 GMT',
45 silly get     etag: '"5a9420fa-5a54"',
45 silly get     'x-npm-region': 'EU-West',
45 silly get     'content-encoding': 'gzip',
45 silly get     'content-length': '5022',
45 silly get     'accept-ranges': 'bytes',
45 silly get     date: 'Tue, 27 Feb 2018 10:05:17 GMT',
45 silly get     via: '1.1 varnish',
45 silly get     age: '10665',
45 silly get     connection: 'keep-alive',
45 silly get     'x-served-by': 'cache-cdg8723-CDG',
45 silly get     'x-cache': 'HIT',
45 silly get     'x-cache-hits': '36',
45 silly get     'x-timer': 'S1519725918.727379,VS0,VE0',
45 silly get     vary: 'Accept-Encoding, Accept' } ]
46 verbose get saving font-awesome to /home/ubuntu/.npm/registry.npmjs.org/font-awesome/.cache.json
47 verbose correctMkdir /home/ubuntu/.npm correctMkdir not in flight; initializing
48 silly fetchPackageMetaData Error: No compatible version found: font-awesome@^5.0.0
48 silly fetchPackageMetaData Valid install targets:
48 silly fetchPackageMetaData 4.7.0, 4.6.3, 4.6.1, 4.5.0, 4.4.0, 4.3.0, 4.2.0, 4.1.0, 4.0.3, 3.2.1
48 silly fetchPackageMetaData
48 silly fetchPackageMetaData     at pickVersionFromRegistryDocument (/home/ubuntu/.nvm/versions/node/v6.11.2/lib/node_modules/npm/lib/fetch-package-metadata.js:178:16)
48 silly fetchPackageMetaData     at /home/ubuntu/.nvm/versions/node/v6.11.2/lib/node_modules/npm/node_modules/iferr/index.js:13:50
48 silly fetchPackageMetaData     at /home/ubuntu/.nvm/versions/node/v6.11.2/lib/node_modules/npm/lib/utils/pulse-till-done.js:20:8
48 silly fetchPackageMetaData     at saved (/home/ubuntu/.nvm/versions/node/v6.11.2/lib/node_modules/npm/lib/cache/caching-client.js:174:7)
48 silly fetchPackageMetaData     at /home/ubuntu/.nvm/versions/node/v6.11.2/lib/node_modules/npm/node_modules/graceful-fs/polyfills.js:241:18
48 silly fetchPackageMetaData     at FSReqWrap.oncomplete (fs.js:123:15)
48 silly fetchPackageMetaData  error for font-awesome@^5.0.0 { Error: No compatible version found: font-awesome@^5.0.0
48 silly fetchPackageMetaData Valid install targets:
48 silly fetchPackageMetaData 4.7.0, 4.6.3, 4.6.1, 4.5.0, 4.4.0, 4.3.0, 4.2.0, 4.1.0, 4.0.3, 3.2.1
48 silly fetchPackageMetaData
48 silly fetchPackageMetaData     at pickVersionFromRegistryDocument (/home/ubuntu/.nvm/versions/node/v6.11.2/lib/node_modules/npm/lib/fetch-package-metadata.js:178:16)
48 silly fetchPackageMetaData     at /home/ubuntu/.nvm/versions/node/v6.11.2/lib/node_modules/npm/node_modules/iferr/index.js:13:50
48 silly fetchPackageMetaData     at /home/ubuntu/.nvm/versions/node/v6.11.2/lib/node_modules/npm/lib/utils/pulse-till-done.js:20:8
48 silly fetchPackageMetaData     at saved (/home/ubuntu/.nvm/versions/node/v6.11.2/lib/node_modules/npm/lib/cache/caching-client.js:174:7)
48 silly fetchPackageMetaData     at /home/ubuntu/.nvm/versions/node/v6.11.2/lib/node_modules/npm/node_modules/graceful-fs/polyfills.js:241:18
48 silly fetchPackageMetaData     at FSReqWrap.oncomplete (fs.js:123:15) code: 'ETARGET' }
49 silly rollbackFailedOptional Starting
50 silly rollbackFailedOptional Finishing
51 silly runTopLevelLifecycles Finishing
52 silly install printInstalled
53 verbose stack Error: No compatible version found: font-awesome@^5.0.0
53 verbose stack Valid install targets:
53 verbose stack 4.7.0, 4.6.3, 4.6.1, 4.5.0, 4.4.0, 4.3.0, 4.2.0, 4.1.0, 4.0.3, 3.2.1
53 verbose stack
53 verbose stack     at pickVersionFromRegistryDocument (/home/ubuntu/.nvm/versions/node/v6.11.2/lib/node_modules/npm/lib/fetch-package-metadata.js:178:16)
53 verbose stack     at /home/ubuntu/.nvm/versions/node/v6.11.2/lib/node_modules/npm/node_modules/iferr/index.js:13:50
53 verbose stack     at /home/ubuntu/.nvm/versions/node/v6.11.2/lib/node_modules/npm/lib/utils/pulse-till-done.js:20:8
53 verbose stack     at saved (/home/ubuntu/.nvm/versions/node/v6.11.2/lib/node_modules/npm/lib/cache/caching-client.js:174:7)
53 verbose stack     at /home/ubuntu/.nvm/versions/node/v6.11.2/lib/node_modules/npm/node_modules/graceful-fs/polyfills.js:241:18
53 verbose stack     at FSReqWrap.oncomplete (fs.js:123:15)
54 verbose cwd /home/ubuntu/workspace
55 error Linux 4.9.80-c9
56 error argv "/home/ubuntu/.nvm/versions/node/v6.11.2/bin/node" "/home/ubuntu/.nvm/versions/node/v6.11.2/bin/npm" "install"
57 error node v6.11.2
58 error npm  v3.10.10
59 error code ETARGET
60 error notarget No compatible version found: font-awesome@^5.0.0
60 error notarget Valid install targets:
60 error notarget 4.7.0, 4.6.3, 4.6.1, 4.5.0, 4.4.0, 4.3.0, 4.2.0, 4.1.0, 4.0.3, 3.2.1
61 error notarget This is most likely not a problem with npm itself.
61 error notarget In most cases you or one of your dependencies are requesting
61 error notarget a package version that doesn't exist.
61 error notarget
61 error notarget It was specified as a dependency of 'cv_website'
62 verbose exit [ 1, true ]
